TN:
SF:src\use-cases\submit-feedback-use-cases.ts
FN:12,execute
FN:6,SubmitFeedback
FNF:2
FNH:2
FNDA:4,execute
FNDA:1,SubmitFeedback
DA:1,1
DA:2,1
DA:3,1
DA:4,1
DA:5,1
DA:6,1
DA:7,1
DA:8,1
DA:9,1
DA:10,1
DA:11,1
DA:12,1
DA:13,4
DA:14,4
DA:15,4
DA:16,1
DA:17,1
DA:18,3
DA:19,4
DA:20,1
DA:21,1
DA:22,2
DA:23,4
DA:24,1
DA:25,1
DA:26,4
DA:27,4
DA:28,4
DA:29,4
DA:30,4
DA:31,4
DA:32,4
DA:33,4
DA:34,4
DA:35,4
DA:36,4
DA:37,4
DA:38,4
DA:39,4
DA:40,4
DA:41,1
LF:41
LH:41
BRDA:12,0,0,4
BRDA:15,1,0,1
BRDA:18,2,0,3
BRDA:19,3,0,1
BRDA:22,4,0,2
BRDA:23,5,0,1
BRDA:6,6,0,1
BRF:7
BRH:7
end_of_record
